<?xml version="1.0" encoding="UTF-8"?>
<!-- Generated by org.testng.reporters.JUnitReportReporter -->
<testsuite hostname="DESKTOP-19C55OA" failures="0" tests="1" name="bookmodule.TC_010_Test" time="11.207" errors="0" timestamp="2024-06-13T23:18:10 IST" skipped="0">
  <testcase classname="bookmodule.TC_010_Test" name="ClickOnBooks" time="11.207"/>
  <system-out>
    <![CDATA[Books page is displayed]]>
  </system-out>
</testsuite> <!-- bookmodule.TC_010_Test -->
